<?xml version="1.0" encoding="UTF-8"?>
<!-- Generated by org.testng.reporters.JUnitReportReporter -->
<testsuite hostname="LAPTOP-JSP5LVS3" failures="0" tests="1" name="com.marketingmodule.testCases.TC_SearchConsultantSkillTest_003" time="13.298" errors="0" timestamp="2022-07-12T23:27:58 IST" skipped="0">
  <testcase classname="com.marketingmodule.testCases.TC_SearchConsultantSkillTest_003" name="consultantSkillSearch" time="13.298"/>
  <system-out/>
</testsuite> <!-- com.marketingmodule.testCases.TC_SearchConsultantSkillTest_003 -->
