<?xml version="1.0" encoding="UTF-8"?>
<!-- Generated by org.testng.reporters.JUnitReportReporter -->
<testsuite hostname="LAPTOP-JSP5LVS3" failures="0" tests="1" name="com.marketingmodule.testCases.TC_LoginTest_001" time="12.396" errors="0" timestamp="2022-07-12T02:10:36 IST" skipped="0">
  <testcase classname="com.marketingmodule.testCases.TC_LoginTest_001" name="loginTest" time="12.396"/>
  <system-out/>
</testsuite> <!-- com.marketingmodule.testCases.TC_LoginTest_001 -->
