<?xml version="1.0" encoding="UTF-8"?>
<!-- Generated by org.testng.reporters.JUnitReportReporter -->
<testsuite skipped="0" hostname="LAPTOP-JSP5LVS3" name="com.marketingmodule.testCases.TC_SearchConsultantSkillTest_003" tests="1" failures="0" timestamp="2022-07-13T03:52:04 IST" time="12.703" errors="0">
  <testcase name="consultantSkillSearch" time="12.703" classname="com.marketingmodule.testCases.TC_SearchConsultantSkillTest_003"/>
  <system-out/>
</testsuite> <!-- com.marketingmodule.testCases.TC_SearchConsultantSkillTest_003 -->
